<?xml version="1.0" encoding="UTF-8"?>
<!-- Generated by org.testng.reporters.JUnitReportReporter -->
<testsuite hostname="LAPTOP-MRHGK113" failures="0" tests="8" name="testpkg.Saucedemologintest" time="3.247" errors="0" timestamp="2024-04-29T09:00:30 IST" skipped="0">
  <testcase classname="testpkg.Saucedemologintest" name="verifylogin" time="2.590"/>
  <testcase classname="testpkg.Saucedemologintest" name="viewcart" time="0.075"/>
  <testcase classname="testpkg.Saucedemologintest" name="checkout" time="0.068"/>
  <testcase classname="testpkg.Saucedemologintest" name="info" time="0.272"/>
  <testcase classname="testpkg.Saucedemologintest" name="fini" time="0.052"/>
  <testcase classname="testpkg.Saucedemologintest" name="backhome" time="0.055"/>
  <testcase classname="testpkg.Saucedemologintest" name="burger" time="0.063"/>
  <testcase classname="testpkg.Saucedemologintest" name="logout" time="0.072"/>
</testsuite> <!-- testpkg.Saucedemologintest -->
